<?xml version="1.0" encoding="UTF-8"?>
<!-- Generated by org.testng.reporters.JUnitReportReporter -->
<testsuite skipped="0" hostname="DESKTOP-CLDSCKI" name="org.runnerpar.TestRunner" tests="3" failures="0" timestamp="09 Mar 2020 11:51:29 GMT" time="62.393" errors="0">
  <testcase name="runScenario" time="20.790" classname="org.runnerpar.TestRunner"/>
  <testcase name="runScenario" time="20.618" classname="org.runnerpar.TestRunner"/>
  <testcase name="runScenario" time="20.985" classname="org.runnerpar.TestRunner"/>
</testsuite> <!-- org.runnerpar.TestRunner -->
